{"D:\\gitwork\\auto-generate-md\\src\\commands\\change-path.ts": {"path":"D:\\gitwork\\auto-generate-md\\src\\commands\\change-path.ts","statementMap":{"0":{"start":{"line":3,"column":0},"end":{"line":3,"column":19}},"1":{"start":{"line":4,"column":0},"end":{"line":4,"column":23}},"2":{"start":{"line":5,"column":0},"end":{"line":5,"column":37}},"3":{"start":{"line":6,"column":0},"end":{"line":6,"column":34}},"4":{"start":{"line":7,"column":14},"end":{"line":7,"column":43}},"5":{"start":{"line":8,"column":0},"end":{"line":8,"column":null}},"6":{"start":{"line":16,"column":4},"end":{"line":24,"column":null}},"7":{"start":{"line":16,"column":21},"end":{"line":16,"column":22}},"8":{"start":{"line":17,"column":18},"end":{"line":17,"column":30}},"9":{"start":{"line":18,"column":6},"end":{"line":23,"column":null}},"10":{"start":{"line":19,"column":7},"end":{"line":19,"column":null}},"11":{"start":{"line":22,"column":8},"end":{"line":22,"column":null}},"12":{"start":{"line":26,"column":1},"end":{"line":26,"column":null}},"13":{"start":{"line":14,"column":0},"end":{"line":14,"column":22}},"14":{"start":{"line":35,"column":18},"end":{"line":35,"column":71}},"15":{"start":{"line":36,"column":2},"end":{"line":36,"column":null}},"16":{"start":{"line":37,"column":2},"end":{"line":39,"column":null}},"17":{"start":{"line":38,"column":4},"end":{"line":38,"column":null}},"18":{"start":{"line":40,"column":2},"end":{"line":40,"column":null}},"19":{"start":{"line":34,"column":0},"end":{"line":34,"column":16}},"20":{"start":{"line":51,"column":23},"end":{"line":51,"column":25}},"21":{"start":{"line":53,"column":2},"end":{"line":58,"column":null}},"22":{"start":{"line":54,"column":4},"end":{"line":54,"column":null}},"23":{"start":{"line":55,"column":4},"end":{"line":55,"column":null}},"24":{"start":{"line":57,"column":4},"end":{"line":57,"column":null}},"25":{"start":{"line":59,"column":2},"end":{"line":59,"column":null}},"26":{"start":{"line":60,"column":19},"end":{"line":60,"column":47}},"27":{"start":{"line":61,"column":2},"end":{"line":61,"column":null}},"28":{"start":{"line":63,"column":2},"end":{"line":76,"column":null}},"29":{"start":{"line":64,"column":4},"end":{"line":64,"column":null}},"30":{"start":{"line":66,"column":19},"end":{"line":66,"column":68}},"31":{"start":{"line":67,"column":4},"end":{"line":75,"column":null}},"32":{"start":{"line":67,"column":17},"end":{"line":67,"column":18}},"33":{"start":{"line":68,"column":21},"end":{"line":68,"column":30}},"34":{"start":{"line":69,"column":6},"end":{"line":74,"column":null}},"35":{"start":{"line":71,"column":8},"end":{"line":71,"column":null}},"36":{"start":{"line":72,"column":8},"end":{"line":72,"column":null}},"37":{"start":{"line":73,"column":8},"end":{"line":73,"column":13}},"38":{"start":{"line":77,"column":2},"end":{"line":77,"column":null}},"39":{"start":{"line":50,"column":0},"end":{"line":50,"column":16}},"40":{"start":{"line":85,"column":10},"end":{"line":85,"column":12}},"41":{"start":{"line":87,"column":17},"end":{"line":97,"column":null}},"42":{"start":{"line":98,"column":15},"end":{"line":98,"column":60}},"43":{"start":{"line":98,"column":37},"end":{"line":98,"column":59}},"44":{"start":{"line":100,"column":14},"end":{"line":100,"column":40}},"45":{"start":{"line":106,"column":2},"end":{"line":110,"column":null}},"46":{"start":{"line":107,"column":19},"end":{"line":107,"column":33}},"47":{"start":{"line":109,"column":4},"end":{"line":109,"column":45}},"48":{"start":{"line":109,"column":29},"end":{"line":109,"column":45}},"49":{"start":{"line":111,"column":2},"end":{"line":111,"column":null}},"50":{"start":{"line":84,"column":0},"end":{"line":84,"column":16}},"51":{"start":{"line":121,"column":12},"end":{"line":125,"column":null}},"52":{"start":{"line":126,"column":18},"end":{"line":126,"column":36}},"53":{"start":{"line":127,"column":2},"end":{"line":137,"column":null}},"54":{"start":{"line":129,"column":4},"end":{"line":129,"column":null}},"55":{"start":{"line":130,"column":4},"end":{"line":130,"column":null}},"56":{"start":{"line":132,"column":4},"end":{"line":132,"column":null}},"57":{"start":{"line":133,"column":4},"end":{"line":133,"column":null}},"58":{"start":{"line":135,"column":4},"end":{"line":135,"column":null}},"59":{"start":{"line":136,"column":4},"end":{"line":136,"column":null}},"60":{"start":{"line":138,"column":2},"end":{"line":138,"column":null}},"61":{"start":{"line":120,"column":0},"end":{"line":120,"column":16}},"62":{"start":{"line":147,"column":22},"end":{"line":147,"column":26}},"63":{"start":{"line":148,"column":2},"end":{"line":174,"column":null}},"64":{"start":{"line":149,"column":20},"end":{"line":149,"column":25}},"65":{"start":{"line":150,"column":18},"end":{"line":150,"column":52}},"66":{"start":{"line":151,"column":17},"end":{"line":151,"column":39}},"67":{"start":{"line":152,"column":4},"end":{"line":165,"column":null}},"68":{"start":{"line":152,"column":21},"end":{"line":152,"column":22}},"69":{"start":{"line":153,"column":18},"end":{"line":153,"column":29}},"70":{"start":{"line":154,"column":6},"end":{"line":164,"column":null}},"71":{"start":{"line":155,"column":20},"end":{"line":155,"column":47}},"72":{"start":{"line":159,"column":8},"end":{"line":163,"column":null}},"73":{"start":{"line":160,"column":10},"end":{"line":160,"column":null}},"74":{"start":{"line":161,"column":10},"end":{"line":161,"column":null}},"75":{"start":{"line":162,"column":10},"end":{"line":162,"column":null}},"76":{"start":{"line":166,"column":4},"end":{"line":171,"column":null}},"77":{"start":{"line":167,"column":6},"end":{"line":167,"column":null}},"78":{"start":{"line":169,"column":6},"end":{"line":169,"column":null}},"79":{"start":{"line":170,"column":7},"end":{"line":170,"column":null}},"80":{"start":{"line":173,"column":4},"end":{"line":173,"column":null}},"81":{"start":{"line":146,"column":0},"end":{"line":146,"column":17}},"82":{"start":{"line":183,"column":15},"end":{"line":183,"column":52}},"83":{"start":{"line":184,"column":14},"end":{"line":184,"column":30}},"84":{"start":{"line":186,"column":2},"end":{"line":186,"column":null}},"85":{"start":{"line":187,"column":3},"end":{"line":187,"column":null}},"86":{"start":{"line":182,"column":0},"end":{"line":182,"column":16}}},"fnMap":{"0":{"name":"changePath","decl":{"start":{"line":14,"column":22},"end":{"line":14,"column":32}},"loc":{"start":{"line":14,"column":50},"end":{"line":27,"column":null}}},"1":{"name":"getNode","decl":{"start":{"line":15,"column":17},"end":{"line":15,"column":24}},"loc":{"start":{"line":15,"column":42},"end":{"line":25,"column":null}}},"2":{"name":"getRelatPath","decl":{"start":{"line":34,"column":16},"end":{"line":34,"column":28}},"loc":{"start":{"line":34,"column":69},"end":{"line":41,"column":1}}},"3":{"name":"makeSuffix","decl":{"start":{"line":50,"column":16},"end":{"line":50,"column":26}},"loc":{"start":{"line":50,"column":61},"end":{"line":78,"column":1}}},"4":{"name":"getImportName","decl":{"start":{"line":84,"column":16},"end":{"line":84,"column":29}},"loc":{"start":{"line":84,"column":41},"end":{"line":112,"column":1}}},"5":{"name":"(anonymous_15)","decl":{"start":{"line":98,"column":27},"end":{"line":98,"column":28}},"loc":{"start":{"line":98,"column":37},"end":{"line":98,"column":59}}},"6":{"name":"changeImport","decl":{"start":{"line":120,"column":16},"end":{"line":120,"column":28}},"loc":{"start":{"line":120,"column":58},"end":{"line":139,"column":1}}},"7":{"name":"witeFile","decl":{"start":{"line":146,"column":17},"end":{"line":146,"column":25}},"loc":{"start":{"line":146,"column":62},"end":{"line":175,"column":1}}},"8":{"name":"wirteJsNodes","decl":{"start":{"line":182,"column":16},"end":{"line":182,"column":28}},"loc":{"start":{"line":182,"column":59},"end":{"line":188,"column":1}}}},"branchMap":{"0":{"loc":{"start":{"line":18,"column":6},"end":{"line":23,"column":null}},"type":"if","locations":[{"start":{"line":18,"column":6},"end":{"line":23,"column":null}},{"start":{"line":20,"column":13},"end":{"line":23,"column":null}}]},"1":{"loc":{"start":{"line":37,"column":2},"end":{"line":39,"column":null}},"type":"if","locations":[{"start":{"line":37,"column":2},"end":{"line":39,"column":null}}]},"2":{"loc":{"start":{"line":53,"column":2},"end":{"line":58,"column":null}},"type":"if","locations":[{"start":{"line":53,"column":2},"end":{"line":58,"column":null}},{"start":{"line":56,"column":9},"end":{"line":58,"column":null}}]},"3":{"loc":{"start":{"line":63,"column":2},"end":{"line":76,"column":null}},"type":"if","locations":[{"start":{"line":63,"column":2},"end":{"line":76,"column":null}}]},"4":{"loc":{"start":{"line":69,"column":6},"end":{"line":74,"column":null}},"type":"if","locations":[{"start":{"line":69,"column":6},"end":{"line":74,"column":null}}]},"5":{"loc":{"start":{"line":106,"column":2},"end":{"line":110,"column":null}},"type":"if","locations":[{"start":{"line":106,"column":2},"end":{"line":110,"column":null}}]},"6":{"loc":{"start":{"line":106,"column":6},"end":{"line":106,"column":63}},"type":"binary-expr","locations":[{"start":{"line":106,"column":6},"end":{"line":106,"column":11}},{"start":{"line":106,"column":15},"end":{"line":106,"column":36}},{"start":{"line":106,"column":40},"end":{"line":106,"column":63}}]},"7":{"loc":{"start":{"line":109,"column":4},"end":{"line":109,"column":45}},"type":"if","locations":[{"start":{"line":109,"column":4},"end":{"line":109,"column":45}}]},"8":{"loc":{"start":{"line":109,"column":8},"end":{"line":109,"column":27}},"type":"binary-expr","locations":[{"start":{"line":109,"column":8},"end":{"line":109,"column":14}},{"start":{"line":109,"column":18},"end":{"line":109,"column":27}}]},"9":{"loc":{"start":{"line":127,"column":2},"end":{"line":137,"column":null}},"type":"if","locations":[{"start":{"line":127,"column":2},"end":{"line":137,"column":null}}]},"10":{"loc":{"start":{"line":154,"column":6},"end":{"line":164,"column":null}},"type":"if","locations":[{"start":{"line":154,"column":6},"end":{"line":164,"column":null}}]},"11":{"loc":{"start":{"line":154,"column":10},"end":{"line":154,"column":48}},"type":"binary-expr","locations":[{"start":{"line":154,"column":10},"end":{"line":154,"column":34}},{"start":{"line":154,"column":38},"end":{"line":154,"column":48}}]},"12":{"loc":{"start":{"line":159,"column":8},"end":{"line":163,"column":null}},"type":"if","locations":[{"start":{"line":159,"column":8},"end":{"line":163,"column":null}}]},"13":{"loc":{"start":{"line":166,"column":4},"end":{"line":171,"column":null}},"type":"if","locations":[{"start":{"line":166,"column":4},"end":{"line":171,"column":null}}]}},"s":{"0":3,"1":3,"2":3,"3":3,"4":3,"5":3,"6":0,"7":0,"8":0,"9":0,"10":0,"11":0,"12":0,"13":3,"14":6,"15":6,"16":6,"17":3,"18":6,"19":3,"20":6,"21":6,"22":4,"23":4,"24":2,"25":6,"26":6,"27":6,"28":6,"29":5,"30":5,"31":5,"32":5,"33":14,"34":14,"35":5,"36":5,"37":5,"38":6,"39":3,"40":8,"41":8,"42":8,"43":72,"44":8,"45":8,"46":7,"47":7,"48":7,"49":8,"50":3,"51":6,"52":6,"53":6,"54":5,"55":5,"56":5,"57":5,"58":5,"59":5,"60":6,"61":3,"62":1,"63":1,"64":1,"65":1,"66":1,"67":1,"68":1,"69":6,"70":6,"71":1,"72":1,"73":1,"74":1,"75":1,"76":1,"77":1,"78":1,"79":1,"80":0,"81":3,"82":0,"83":0,"84":0,"85":0,"86":3},"f":{"0":0,"1":0,"2":6,"3":6,"4":8,"5":72,"6":6,"7":1,"8":0},"b":{"0":[0,0],"1":[3],"2":[4,2],"3":[5],"4":[5],"5":[7],"6":[8,8,7],"7":[7],"8":[7,7],"9":[5],"10":[1],"11":[6,1],"12":[1],"13":[1]}}
,"D:\\gitwork\\auto-generate-md\\src\\commands\\get-file.ts": {"path":"D:\\gitwork\\auto-generate-md\\src\\commands\\get-file.ts","statementMap":{"0":{"start":{"line":2,"column":0},"end":{"line":2,"column":19}},"1":{"start":{"line":3,"column":0},"end":{"line":3,"column":23}},"2":{"start":{"line":4,"column":0},"end":{"line":4,"column":34}},"3":{"start":{"line":5,"column":0},"end":{"line":5,"column":45}},"4":{"start":{"line":6,"column":14},"end":{"line":6,"column":40}},"5":{"start":{"line":7,"column":0},"end":{"line":7,"column":null}},"6":{"start":{"line":8,"column":0},"end":{"line":8,"column":38}},"7":{"start":{"line":9,"column":14},"end":{"line":9,"column":37}},"8":{"start":{"line":16,"column":14},"end":{"line":16,"column":48}},"9":{"start":{"line":17,"column":15},"end":{"line":17,"column":25}},"10":{"start":{"line":18,"column":15},"end":{"line":18,"column":33}},"11":{"start":{"line":19,"column":18},"end":{"line":19,"column":29}},"12":{"start":{"line":20,"column":18},"end":{"line":20,"column":43}},"13":{"start":{"line":22,"column":4},"end":{"line":25,"column":10}},"14":{"start":{"line":26,"column":2},"end":{"line":31,"column":null}},"15":{"start":{"line":15,"column":0},"end":{"line":15,"column":16}},"16":{"start":{"line":42,"column":28},"end":{"line":42,"column":30}},"17":{"start":{"line":43,"column":2},"end":{"line":51,"column":null}},"18":{"start":{"line":44,"column":4},"end":{"line":50,"column":null}},"19":{"start":{"line":45,"column":33},"end":{"line":45,"column":60}},"20":{"start":{"line":46,"column":6},"end":{"line":48,"column":null}},"21":{"start":{"line":47,"column":9},"end":{"line":47,"column":null}},"22":{"start":{"line":52,"column":2},"end":{"line":52,"column":null}},"23":{"start":{"line":40,"column":0},"end":{"line":40,"column":16}},"24":{"start":{"line":84,"column":15},"end":{"line":103,"column":null}},"25":{"start":{"line":105,"column":16},"end":{"line":105,"column":60}},"26":{"start":{"line":106,"column":2},"end":{"line":109,"column":null}},"27":{"start":{"line":107,"column":4},"end":{"line":107,"column":null}},"28":{"start":{"line":108,"column":4},"end":{"line":108,"column":null}},"29":{"start":{"line":111,"column":16},"end":{"line":131,"column":6}},"30":{"start":{"line":114,"column":21},"end":{"line":114,"column":41}},"31":{"start":{"line":115,"column":20},"end":{"line":115,"column":56}},"32":{"start":{"line":116,"column":6},"end":{"line":123,"column":null}},"33":{"start":{"line":127,"column":6},"end":{"line":127,"column":null}},"34":{"start":{"line":127,"column":31},"end":{"line":127,"column":null}},"35":{"start":{"line":128,"column":6},"end":{"line":128,"column":null}},"36":{"start":{"line":128,"column":31},"end":{"line":128,"column":null}},"37":{"start":{"line":129,"column":6},"end":{"line":129,"column":null}},"38":{"start":{"line":129,"column":58},"end":{"line":129,"column":null}},"39":{"start":{"line":130,"column":6},"end":{"line":130,"column":null}},"40":{"start":{"line":132,"column":2},"end":{"line":157,"column":null}},"41":{"start":{"line":132,"column":19},"end":{"line":132,"column":20}},"42":{"start":{"line":133,"column":17},"end":{"line":133,"column":29}},"43":{"start":{"line":135,"column":21},"end":{"line":135,"column":73}},"44":{"start":{"line":135,"column":55},"end":{"line":135,"column":72}},"45":{"start":{"line":136,"column":4},"end":{"line":156,"column":null}},"46":{"start":{"line":137,"column":23},"end":{"line":137,"column":48}},"47":{"start":{"line":138,"column":20},"end":{"line":138,"column":56}},"48":{"start":{"line":139,"column":6},"end":{"line":155,"column":null}},"49":{"start":{"line":141,"column":8},"end":{"line":141,"column":null}},"50":{"start":{"line":142,"column":8},"end":{"line":142,"column":null}},"51":{"start":{"line":143,"column":8},"end":{"line":143,"column":null}},"52":{"start":{"line":145,"column":18},"end":{"line":145,"column":43}},"53":{"start":{"line":146,"column":25},"end":{"line":146,"column":46}},"54":{"start":{"line":148,"column":8},"end":{"line":154,"column":null}},"55":{"start":{"line":149,"column":22},"end":{"line":149,"column":39}},"56":{"start":{"line":150,"column":10},"end":{"line":150,"column":null}},"57":{"start":{"line":151,"column":10},"end":{"line":151,"column":null}},"58":{"start":{"line":152,"column":10},"end":{"line":152,"column":null}},"59":{"start":{"line":153,"column":10},"end":{"line":153,"column":null}},"60":{"start":{"line":158,"column":2},"end":{"line":158,"column":null}},"61":{"start":{"line":77,"column":0},"end":{"line":77,"column":16}},"62":{"start":{"line":168,"column":16},"end":{"line":168,"column":26}},"63":{"start":{"line":169,"column":2},"end":{"line":177,"column":null}},"64":{"start":{"line":170,"column":17},"end":{"line":170,"column":43}},"65":{"start":{"line":171,"column":4},"end":{"line":174,"column":null}},"66":{"start":{"line":173,"column":6},"end":{"line":173,"column":null}},"67":{"start":{"line":175,"column":15},"end":{"line":175,"column":31}},"68":{"start":{"line":176,"column":4},"end":{"line":176,"column":null}},"69":{"start":{"line":178,"column":2},"end":{"line":178,"column":null}},"70":{"start":{"line":167,"column":0},"end":{"line":167,"column":16}},"71":{"start":{"line":188,"column":20},"end":{"line":188,"column":22}},"72":{"start":{"line":189,"column":16},"end":{"line":189,"column":38}},"73":{"start":{"line":190,"column":14},"end":{"line":190,"column":59}},"74":{"start":{"line":191,"column":2},"end":{"line":195,"column":null}},"75":{"start":{"line":192,"column":4},"end":{"line":192,"column":null}},"76":{"start":{"line":194,"column":4},"end":{"line":194,"column":null}},"77":{"start":{"line":196,"column":2},"end":{"line":196,"column":null}}},"fnMap":{"0":{"name":"getFile","decl":{"start":{"line":15,"column":16},"end":{"line":15,"column":23}},"loc":{"start":{"line":15,"column":40},"end":{"line":32,"column":1}}},"1":{"name":"getImport","decl":{"start":{"line":40,"column":16},"end":{"line":40,"column":25}},"loc":{"start":{"line":40,"column":55},"end":{"line":53,"column":1}}},"2":{"name":"(anonymous_3)","decl":{"start":{"line":43,"column":15},"end":{"line":43,"column":16}},"loc":{"start":{"line":43,"column":31},"end":{"line":51,"column":3}}},"3":{"name":"getFileNodes","decl":{"start":{"line":77,"column":16},"end":{"line":77,"column":28}},"loc":{"start":{"line":81,"column":11},"end":{"line":159,"column":1}}},"4":{"name":"(anonymous_5)","decl":{"start":{"line":113,"column":9},"end":{"line":113,"column":10}},"loc":{"start":{"line":113,"column":18},"end":{"line":124,"column":5}}},"5":{"name":"(anonymous_6)","decl":{"start":{"line":126,"column":10},"end":{"line":126,"column":11}},"loc":{"start":{"line":126,"column":19},"end":{"line":131,"column":5}}},"6":{"name":"(anonymous_7)","decl":{"start":{"line":135,"column":38},"end":{"line":135,"column":39}},"loc":{"start":{"line":135,"column":55},"end":{"line":135,"column":72}}},"7":{"name":"getNote","decl":{"start":{"line":167,"column":16},"end":{"line":167,"column":23}},"loc":{"start":{"line":167,"column":58},"end":{"line":179,"column":1}}},"8":{"name":"(anonymous_9)","decl":{"start":{"line":169,"column":16},"end":{"line":169,"column":17}},"loc":{"start":{"line":169,"column":49},"end":{"line":177,"column":3}}},"9":{"name":"setMd","decl":{"start":{"line":187,"column":10},"end":{"line":187,"column":15}},"loc":{"start":{"line":187,"column":44},"end":{"line":197,"column":1}}}},"branchMap":{"0":{"loc":{"start":{"line":22,"column":4},"end":{"line":25,"column":10}},"type":"cond-expr","locations":[{"start":{"line":24,"column":8},"end":{"line":24,"column":15}},{"start":{"line":25,"column":8},"end":{"line":25,"column":10}}]},"1":{"loc":{"start":{"line":22,"column":4},"end":{"line":23,"column":93}},"type":"binary-expr","locations":[{"start":{"line":22,"column":4},"end":{"line":22,"column":36}},{"start":{"line":23,"column":5},"end":{"line":23,"column":32}},{"start":{"line":23,"column":36},"end":{"line":23,"column":62}},{"start":{"line":23,"column":66},"end":{"line":23,"column":92}}]},"2":{"loc":{"start":{"line":44,"column":4},"end":{"line":50,"column":null}},"type":"if","locations":[{"start":{"line":44,"column":4},"end":{"line":50,"column":null}}]},"3":{"loc":{"start":{"line":46,"column":6},"end":{"line":48,"column":null}},"type":"if","locations":[{"start":{"line":46,"column":6},"end":{"line":48,"column":null}}]},"4":{"loc":{"start":{"line":78,"column":2},"end":{"line":78,"column":21}},"type":"default-arg","locations":[{"start":{"line":78,"column":8},"end":{"line":78,"column":21}}]},"5":{"loc":{"start":{"line":80,"column":2},"end":{"line":80,"column":24}},"type":"default-arg","locations":[{"start":{"line":80,"column":22},"end":{"line":80,"column":24}}]},"6":{"loc":{"start":{"line":81,"column":2},"end":{"line":81,"column":11}},"type":"default-arg","locations":[{"start":{"line":81,"column":10},"end":{"line":81,"column":11}}]},"7":{"loc":{"start":{"line":105,"column":16},"end":{"line":105,"column":60}},"type":"cond-expr","locations":[{"start":{"line":105,"column":22},"end":{"line":105,"column":37}},{"start":{"line":105,"column":38},"end":{"line":105,"column":60}}]},"8":{"loc":{"start":{"line":106,"column":2},"end":{"line":109,"column":null}},"type":"if","locations":[{"start":{"line":106,"column":2},"end":{"line":109,"column":null}}]},"9":{"loc":{"start":{"line":107,"column":13},"end":{"line":107,"column":36}},"type":"binary-expr","locations":[{"start":{"line":107,"column":13},"end":{"line":107,"column":26}},{"start":{"line":107,"column":30},"end":{"line":107,"column":36}}]},"10":{"loc":{"start":{"line":108,"column":14},"end":{"line":108,"column":39}},"type":"binary-expr","locations":[{"start":{"line":108,"column":14},"end":{"line":108,"column":28}},{"start":{"line":108,"column":32},"end":{"line":108,"column":39}}]},"11":{"loc":{"start":{"line":127,"column":6},"end":{"line":127,"column":null}},"type":"if","locations":[{"start":{"line":127,"column":6},"end":{"line":127,"column":null}}]},"12":{"loc":{"start":{"line":127,"column":10},"end":{"line":127,"column":29}},"type":"binary-expr","locations":[{"start":{"line":127,"column":10},"end":{"line":127,"column":18}},{"start":{"line":127,"column":22},"end":{"line":127,"column":29}}]},"13":{"loc":{"start":{"line":128,"column":6},"end":{"line":128,"column":null}},"type":"if","locations":[{"start":{"line":128,"column":6},"end":{"line":128,"column":null}}]},"14":{"loc":{"start":{"line":128,"column":10},"end":{"line":128,"column":29}},"type":"binary-expr","locations":[{"start":{"line":128,"column":10},"end":{"line":128,"column":17}},{"start":{"line":128,"column":21},"end":{"line":128,"column":29}}]},"15":{"loc":{"start":{"line":129,"column":6},"end":{"line":129,"column":null}},"type":"if","locations":[{"start":{"line":129,"column":6},"end":{"line":129,"column":null}}]},"16":{"loc":{"start":{"line":129,"column":10},"end":{"line":129,"column":56}},"type":"binary-expr","locations":[{"start":{"line":129,"column":11},"end":{"line":129,"column":18}},{"start":{"line":129,"column":22},"end":{"line":129,"column":29}},{"start":{"line":129,"column":35},"end":{"line":129,"column":43}},{"start":{"line":129,"column":47},"end":{"line":129,"column":55}}]},"17":{"loc":{"start":{"line":136,"column":4},"end":{"line":156,"column":null}},"type":"if","locations":[{"start":{"line":136,"column":4},"end":{"line":156,"column":null}}]},"18":{"loc":{"start":{"line":139,"column":6},"end":{"line":155,"column":null}},"type":"if","locations":[{"start":{"line":139,"column":6},"end":{"line":155,"column":null}},{"start":{"line":144,"column":13},"end":{"line":155,"column":null}}]},"19":{"loc":{"start":{"line":148,"column":8},"end":{"line":154,"column":null}},"type":"if","locations":[{"start":{"line":148,"column":8},"end":{"line":154,"column":null}}]},"20":{"loc":{"start":{"line":168,"column":16},"end":{"line":168,"column":26}},"type":"binary-expr","locations":[{"start":{"line":168,"column":16},"end":{"line":168,"column":20}},{"start":{"line":168,"column":24},"end":{"line":168,"column":26}}]},"21":{"loc":{"start":{"line":171,"column":4},"end":{"line":174,"column":null}},"type":"if","locations":[{"start":{"line":171,"column":4},"end":{"line":174,"column":null}}]},"22":{"loc":{"start":{"line":190,"column":25},"end":{"line":190,"column":45}},"type":"cond-expr","locations":[{"start":{"line":190,"column":32},"end":{"line":190,"column":37}},{"start":{"line":190,"column":40},"end":{"line":190,"column":45}}]},"23":{"loc":{"start":{"line":191,"column":2},"end":{"line":195,"column":null}},"type":"if","locations":[{"start":{"line":191,"column":2},"end":{"line":195,"column":null}},{"start":{"line":193,"column":9},"end":{"line":195,"column":null}}]}},"s":{"0":1,"1":1,"2":1,"3":1,"4":1,"5":1,"6":1,"7":1,"8":3,"9":3,"10":3,"11":3,"12":3,"13":3,"14":3,"15":1,"16":4,"17":4,"18":36,"19":4,"20":4,"21":3,"22":4,"23":1,"24":1,"25":1,"26":1,"27":0,"28":0,"29":1,"30":2,"31":2,"32":2,"33":1,"34":0,"35":1,"36":0,"37":1,"38":1,"39":0,"40":1,"41":1,"42":2,"43":2,"44":32,"45":2,"46":2,"47":2,"48":2,"49":0,"50":0,"51":0,"52":2,"53":2,"54":2,"55":2,"56":2,"57":2,"58":2,"59":2,"60":1,"61":1,"62":1,"63":1,"64":2,"65":2,"66":0,"67":2,"68":2,"69":1,"70":1,"71":2,"72":2,"73":2,"74":2,"75":0,"76":2,"77":2},"f":{"0":3,"1":4,"2":36,"3":1,"4":2,"5":1,"6":32,"7":1,"8":2,"9":2},"b":{"0":[3,0],"1":[3,3,3,1],"2":[4],"3":[3],"4":[0],"5":[1],"6":[1],"7":[0,1],"8":[0],"9":[0,0],"10":[0,0],"11":[0],"12":[1,1],"13":[0],"14":[1,0],"15":[1],"16":[1,0,1,1],"17":[2],"18":[0,2],"19":[2],"20":[1,1],"21":[0],"22":[1,1],"23":[0,2]}}
,"D:\\gitwork\\auto-generate-md\\src\\commands\\get-router.ts": {"path":"D:\\gitwork\\auto-generate-md\\src\\commands\\get-router.ts","statementMap":{"0":{"start":{"line":1,"column":0},"end":{"line":1,"column":19}},"1":{"start":{"line":2,"column":0},"end":{"line":2,"column":34}},"2":{"start":{"line":3,"column":0},"end":{"line":3,"column":37}},"3":{"start":{"line":4,"column":0},"end":{"line":4,"column":23}},"4":{"start":{"line":5,"column":14},"end":{"line":5,"column":40}},"5":{"start":{"line":6,"column":0},"end":{"line":6,"column":null}},"6":{"start":{"line":7,"column":17},"end":{"line":7,"column":50}},"7":{"start":{"line":14,"column":14},"end":{"line":14,"column":34}},"8":{"start":{"line":15,"column":22},"end":{"line":15,"column":24}},"9":{"start":{"line":17,"column":16},"end":{"line":17,"column":33}},"10":{"start":{"line":18,"column":4},"end":{"line":23,"column":null}},"11":{"start":{"line":19,"column":18},"end":{"line":19,"column":55}},"12":{"start":{"line":20,"column":18},"end":{"line":20,"column":36}},"13":{"start":{"line":21,"column":6},"end":{"line":21,"column":null}},"14":{"start":{"line":21,"column":31},"end":{"line":21,"column":null}},"15":{"start":{"line":22,"column":6},"end":{"line":22,"column":null}},"16":{"start":{"line":22,"column":26},"end":{"line":22,"column":null}},"17":{"start":{"line":25,"column":2},"end":{"line":25,"column":null}},"18":{"start":{"line":26,"column":2},"end":{"line":26,"column":null}},"19":{"start":{"line":13,"column":0},"end":{"line":13,"column":16}},"20":{"start":{"line":34,"column":15},"end":{"line":34,"column":34}},"21":{"start":{"line":35,"column":58},"end":{"line":35,"column":60}},"22":{"start":{"line":36,"column":2},"end":{"line":40,"column":null}},"23":{"start":{"line":36,"column":19},"end":{"line":36,"column":20}},"24":{"start":{"line":37,"column":14},"end":{"line":37,"column":25}},"25":{"start":{"line":38,"column":20},"end":{"line":38,"column":32}},"26":{"start":{"line":39,"column":5},"end":{"line":39,"column":null}},"27":{"start":{"line":41,"column":2},"end":{"line":41,"column":null}},"28":{"start":{"line":33,"column":0},"end":{"line":33,"column":16}},"29":{"start":{"line":48,"column":16},"end":{"line":48,"column":18}},"30":{"start":{"line":49,"column":13},"end":{"line":49,"column":15}},"31":{"start":{"line":50,"column":2},"end":{"line":73,"column":null}},"32":{"start":{"line":51,"column":16},"end":{"line":51,"column":52}},"33":{"start":{"line":52,"column":18},"end":{"line":52,"column":36}},"34":{"start":{"line":53,"column":4},"end":{"line":72,"column":null}},"35":{"start":{"line":53,"column":21},"end":{"line":53,"column":22}},"36":{"start":{"line":54,"column":17},"end":{"line":54,"column":29}},"37":{"start":{"line":55,"column":6},"end":{"line":55,"column":41}},"38":{"start":{"line":55,"column":33},"end":{"line":55,"column":41}},"39":{"start":{"line":57,"column":22},"end":{"line":57,"column":48}},"40":{"start":{"line":58,"column":23},"end":{"line":58,"column":40}},"41":{"start":{"line":59,"column":6},"end":{"line":61,"column":null}},"42":{"start":{"line":60,"column":8},"end":{"line":60,"column":null}},"43":{"start":{"line":63,"column":18},"end":{"line":63,"column":48}},"44":{"start":{"line":64,"column":21},"end":{"line":64,"column":34}},"45":{"start":{"line":65,"column":6},"end":{"line":71,"column":null}},"46":{"start":{"line":66,"column":8},"end":{"line":69,"column":null}},"47":{"start":{"line":70,"column":8},"end":{"line":70,"column":null}},"48":{"start":{"line":74,"column":2},"end":{"line":74,"column":null}},"49":{"start":{"line":47,"column":0},"end":{"line":47,"column":16}},"50":{"start":{"line":82,"column":17},"end":{"line":82,"column":42}},"51":{"start":{"line":83,"column":16},"end":{"line":83,"column":20}},"52":{"start":{"line":84,"column":2},"end":{"line":94,"column":null}},"53":{"start":{"line":85,"column":4},"end":{"line":85,"column":null}},"54":{"start":{"line":88,"column":4},"end":{"line":93,"column":null}},"55":{"start":{"line":95,"column":2},"end":{"line":98,"column":null}},"56":{"start":{"line":96,"column":4},"end":{"line":96,"column":null}},"57":{"start":{"line":97,"column":4},"end":{"line":97,"column":null}},"58":{"start":{"line":99,"column":2},"end":{"line":99,"column":null}},"59":{"start":{"line":81,"column":0},"end":{"line":81,"column":16}}},"fnMap":{"0":{"name":"getRouterFilePath","decl":{"start":{"line":13,"column":16},"end":{"line":13,"column":33}},"loc":{"start":{"line":13,"column":33},"end":{"line":27,"column":1}}},"1":{"name":"finder","decl":{"start":{"line":16,"column":11},"end":{"line":16,"column":17}},"loc":{"start":{"line":16,"column":27},"end":{"line":24,"column":3}}},"2":{"name":"(anonymous_3)","decl":{"start":{"line":18,"column":18},"end":{"line":18,"column":19}},"loc":{"start":{"line":18,"column":26},"end":{"line":23,"column":5}}},"3":{"name":"getAllRouter","decl":{"start":{"line":33,"column":16},"end":{"line":33,"column":28}},"loc":{"start":{"line":33,"column":28},"end":{"line":42,"column":1}}},"4":{"name":"getRouter","decl":{"start":{"line":47,"column":16},"end":{"line":47,"column":25}},"loc":{"start":{"line":47,"column":43},"end":{"line":75,"column":1}}},"5":{"name":"getRouterArrs","decl":{"start":{"line":81,"column":16},"end":{"line":81,"column":29}},"loc":{"start":{"line":81,"column":29},"end":{"line":100,"column":1}}}},"branchMap":{"0":{"loc":{"start":{"line":21,"column":6},"end":{"line":21,"column":null}},"type":"if","locations":[{"start":{"line":21,"column":6},"end":{"line":21,"column":null}}]},"1":{"loc":{"start":{"line":22,"column":6},"end":{"line":22,"column":null}},"type":"if","locations":[{"start":{"line":22,"column":6},"end":{"line":22,"column":null}}]},"2":{"loc":{"start":{"line":50,"column":2},"end":{"line":73,"column":null}},"type":"if","locations":[{"start":{"line":50,"column":2},"end":{"line":73,"column":null}}]},"3":{"loc":{"start":{"line":55,"column":6},"end":{"line":55,"column":41}},"type":"if","locations":[{"start":{"line":55,"column":6},"end":{"line":55,"column":41}}]},"4":{"loc":{"start":{"line":59,"column":6},"end":{"line":61,"column":null}},"type":"if","locations":[{"start":{"line":59,"column":6},"end":{"line":61,"column":null}}]},"5":{"loc":{"start":{"line":65,"column":6},"end":{"line":71,"column":null}},"type":"if","locations":[{"start":{"line":65,"column":6},"end":{"line":71,"column":null}}]},"6":{"loc":{"start":{"line":84,"column":2},"end":{"line":94,"column":null}},"type":"if","locations":[{"start":{"line":84,"column":2},"end":{"line":94,"column":null}},{"start":{"line":86,"column":9},"end":{"line":94,"column":null}}]},"7":{"loc":{"start":{"line":95,"column":2},"end":{"line":98,"column":null}},"type":"if","locations":[{"start":{"line":95,"column":2},"end":{"line":98,"column":null}}]}},"s":{"0":1,"1":1,"2":1,"3":1,"4":1,"5":1,"6":1,"7":2,"8":2,"9":4,"10":4,"11":6,"12":6,"13":6,"14":2,"15":6,"16":4,"17":2,"18":2,"19":1,"20":1,"21":1,"22":1,"23":1,"24":2,"25":2,"26":2,"27":1,"28":1,"29":3,"30":3,"31":3,"32":3,"33":3,"34":3,"35":3,"36":119,"37":119,"38":0,"39":119,"40":119,"41":119,"42":12,"43":119,"44":119,"45":119,"46":7,"47":7,"48":3,"49":1,"50":0,"51":0,"52":0,"53":0,"54":0,"55":0,"56":0,"57":0,"58":0,"59":1},"f":{"0":2,"1":4,"2":6,"3":1,"4":3,"5":0},"b":{"0":[2],"1":[4],"2":[3],"3":[0],"4":[12],"5":[7],"6":[0,0],"7":[0]}}
,"D:\\gitwork\\auto-generate-md\\src\\commands\\mark-file.ts": {"path":"D:\\gitwork\\auto-generate-md\\src\\commands\\mark-file.ts","statementMap":{"0":{"start":{"line":2,"column":0},"end":{"line":2,"column":19}},"1":{"start":{"line":4,"column":0},"end":{"line":4,"column":50}},"2":{"start":{"line":5,"column":0},"end":{"line":5,"column":34}},"3":{"start":{"line":6,"column":0},"end":{"line":6,"column":37}},"4":{"start":{"line":7,"column":14},"end":{"line":7,"column":41}},"5":{"start":{"line":8,"column":17},"end":{"line":8,"column":50}},"6":{"start":{"line":9,"column":0},"end":{"line":9,"column":null}},"7":{"start":{"line":25,"column":2},"end":{"line":36,"column":null}},"8":{"start":{"line":25,"column":15},"end":{"line":25,"column":16}},"9":{"start":{"line":26,"column":16},"end":{"line":26,"column":26}},"10":{"start":{"line":27,"column":4},"end":{"line":35,"column":null}},"11":{"start":{"line":27,"column":17},"end":{"line":27,"column":18}},"12":{"start":{"line":28,"column":18},"end":{"line":28,"column":31}},"13":{"start":{"line":29,"column":20},"end":{"line":29,"column":33}},"14":{"start":{"line":30,"column":6},"end":{"line":30,"column":null}},"15":{"start":{"line":32,"column":25},"end":{"line":32,"column":53}},"16":{"start":{"line":34,"column":6},"end":{"line":34,"column":null}},"17":{"start":{"line":24,"column":0},"end":{"line":24,"column":22}},"18":{"start":{"line":46,"column":2},"end":{"line":57,"column":null}},"19":{"start":{"line":46,"column":19},"end":{"line":46,"column":20}},"20":{"start":{"line":47,"column":16},"end":{"line":47,"column":30}},"21":{"start":{"line":49,"column":4},"end":{"line":56,"column":null}},"22":{"start":{"line":49,"column":21},"end":{"line":49,"column":22}},"23":{"start":{"line":50,"column":18},"end":{"line":50,"column":35}},"24":{"start":{"line":51,"column":20},"end":{"line":51,"column":33}},"25":{"start":{"line":53,"column":25},"end":{"line":53,"column":53}},"26":{"start":{"line":55,"column":6},"end":{"line":55,"column":null}},"27":{"start":{"line":45,"column":0},"end":{"line":45,"column":22}},"28":{"start":{"line":65,"column":2},"end":{"line":65,"column":null}},"29":{"start":{"line":68,"column":15},"end":{"line":68,"column":37}},"30":{"start":{"line":69,"column":2},"end":{"line":72,"column":null}},"31":{"start":{"line":71,"column":4},"end":{"line":71,"column":null}},"32":{"start":{"line":74,"column":2},"end":{"line":90,"column":null}},"33":{"start":{"line":76,"column":4},"end":{"line":76,"column":46}},"34":{"start":{"line":76,"column":40},"end":{"line":76,"column":46}},"35":{"start":{"line":77,"column":6},"end":{"line":77,"column":null}},"36":{"start":{"line":79,"column":4},"end":{"line":89,"column":null}},"37":{"start":{"line":79,"column":21},"end":{"line":79,"column":22}},"38":{"start":{"line":80,"column":22},"end":{"line":80,"column":41}},"39":{"start":{"line":81,"column":6},"end":{"line":81,"column":null}},"40":{"start":{"line":83,"column":6},"end":{"line":88,"column":null}},"41":{"start":{"line":85,"column":7},"end":{"line":85,"column":null}},"42":{"start":{"line":87,"column":8},"end":{"line":87,"column":null}},"43":{"start":{"line":64,"column":0},"end":{"line":64,"column":22}},"44":{"start":{"line":100,"column":13},"end":{"line":100,"column":17}},"45":{"start":{"line":102,"column":4},"end":{"line":106,"column":null}},"46":{"start":{"line":102,"column":21},"end":{"line":102,"column":22}},"47":{"start":{"line":103,"column":22},"end":{"line":103,"column":34}},"48":{"start":{"line":104,"column":6},"end":{"line":104,"column":null}},"49":{"start":{"line":104,"column":28},"end":{"line":104,"column":null}},"50":{"start":{"line":105,"column":6},"end":{"line":105,"column":null}},"51":{"start":{"line":105,"column":37},"end":{"line":105,"column":null}},"52":{"start":{"line":108,"column":2},"end":{"line":108,"column":null}},"53":{"start":{"line":109,"column":2},"end":{"line":109,"column":null}},"54":{"start":{"line":99,"column":0},"end":{"line":99,"column":16}},"55":{"start":{"line":119,"column":2},"end":{"line":133,"column":null}},"56":{"start":{"line":120,"column":5},"end":{"line":120,"column":null}},"57":{"start":{"line":121,"column":18},"end":{"line":121,"column":48}},"58":{"start":{"line":122,"column":4},"end":{"line":125,"column":null}},"59":{"start":{"line":124,"column":6},"end":{"line":124,"column":12}},"60":{"start":{"line":127,"column":4},"end":{"line":127,"column":null}},"61":{"start":{"line":128,"column":4},"end":{"line":128,"column":null}},"62":{"start":{"line":129,"column":4},"end":{"line":129,"column":null}},"63":{"start":{"line":131,"column":4},"end":{"line":131,"column":null}},"64":{"start":{"line":132,"column":4},"end":{"line":132,"column":10}},"65":{"start":{"line":118,"column":0},"end":{"line":118,"column":16}},"66":{"start":{"line":143,"column":4},"end":{"line":147,"column":null}},"67":{"start":{"line":143,"column":21},"end":{"line":143,"column":22}},"68":{"start":{"line":144,"column":22},"end":{"line":144,"column":34}},"69":{"start":{"line":145,"column":6},"end":{"line":146,"column":null}},"70":{"start":{"line":145,"column":28},"end":{"line":145,"column":null}},"71":{"start":{"line":146,"column":11},"end":{"line":146,"column":null}},"72":{"start":{"line":149,"column":2},"end":{"line":149,"column":null}},"73":{"start":{"line":141,"column":0},"end":{"line":141,"column":16}},"74":{"start":{"line":159,"column":17},"end":{"line":159,"column":19}},"75":{"start":{"line":160,"column":4},"end":{"line":176,"column":null}},"76":{"start":{"line":161,"column":7},"end":{"line":161,"column":null}},"77":{"start":{"line":162,"column":17},"end":{"line":162,"column":39}},"78":{"start":{"line":163,"column":5},"end":{"line":169,"column":null}},"79":{"start":{"line":163,"column":22},"end":{"line":163,"column":23}},"80":{"start":{"line":164,"column":19},"end":{"line":164,"column":30}},"81":{"start":{"line":165,"column":7},"end":{"line":168,"column":null}},"82":{"start":{"line":166,"column":9},"end":{"line":166,"column":null}},"83":{"start":{"line":167,"column":9},"end":{"line":167,"column":17}},"84":{"start":{"line":170,"column":6},"end":{"line":170,"column":null}},"85":{"start":{"line":171,"column":6},"end":{"line":171,"column":null}},"86":{"start":{"line":172,"column":7},"end":{"line":172,"column":null}},"87":{"start":{"line":173,"column":7},"end":{"line":173,"column":null}},"88":{"start":{"line":175,"column":6},"end":{"line":175,"column":null}},"89":{"start":{"line":177,"column":2},"end":{"line":177,"column":null}},"90":{"start":{"line":158,"column":0},"end":{"line":158,"column":16}}},"fnMap":{"0":{"name":"markFile","decl":{"start":{"line":24,"column":22},"end":{"line":24,"column":30}},"loc":{"start":{"line":24,"column":72},"end":{"line":37,"column":null}}},"1":{"name":"witeMarkFile","decl":{"start":{"line":45,"column":22},"end":{"line":45,"column":34}},"loc":{"start":{"line":45,"column":75},"end":{"line":58,"column":null}}},"2":{"name":"setNodeMark","decl":{"start":{"line":64,"column":22},"end":{"line":64,"column":33}},"loc":{"start":{"line":64,"column":79},"end":{"line":91,"column":null}}},"3":{"name":"findNodes","decl":{"start":{"line":99,"column":16},"end":{"line":99,"column":25}},"loc":{"start":{"line":99,"column":57},"end":{"line":110,"column":1}}},"4":{"name":"find","decl":{"start":{"line":101,"column":11},"end":{"line":101,"column":15}},"loc":{"start":{"line":101,"column":33},"end":{"line":107,"column":3}}},"5":{"name":"setmark","decl":{"start":{"line":118,"column":16},"end":{"line":118,"column":23}},"loc":{"start":{"line":118,"column":50},"end":{"line":134,"column":1}}},"6":{"name":"deletMarkAll","decl":{"start":{"line":141,"column":16},"end":{"line":141,"column":28}},"loc":{"start":{"line":141,"column":60},"end":{"line":150,"column":1}}},"7":{"name":"find","decl":{"start":{"line":142,"column":11},"end":{"line":142,"column":15}},"loc":{"start":{"line":142,"column":33},"end":{"line":148,"column":3}}},"8":{"name":"deletMark","decl":{"start":{"line":158,"column":16},"end":{"line":158,"column":25}},"loc":{"start":{"line":158,"column":52},"end":{"line":178,"column":1}}}},"branchMap":{"0":{"loc":{"start":{"line":69,"column":2},"end":{"line":72,"column":null}},"type":"if","locations":[{"start":{"line":69,"column":2},"end":{"line":72,"column":null}}]},"1":{"loc":{"start":{"line":74,"column":2},"end":{"line":90,"column":null}},"type":"if","locations":[{"start":{"line":74,"column":2},"end":{"line":90,"column":null}}]},"2":{"loc":{"start":{"line":74,"column":6},"end":{"line":74,"column":26}},"type":"binary-expr","locations":[{"start":{"line":74,"column":6},"end":{"line":74,"column":10}},{"start":{"line":74,"column":14},"end":{"line":74,"column":26}}]},"3":{"loc":{"start":{"line":76,"column":4},"end":{"line":76,"column":46}},"type":"if","locations":[{"start":{"line":76,"column":4},"end":{"line":76,"column":46}}]},"4":{"loc":{"start":{"line":83,"column":6},"end":{"line":88,"column":null}},"type":"if","locations":[{"start":{"line":83,"column":6},"end":{"line":88,"column":null}},{"start":{"line":86,"column":13},"end":{"line":88,"column":null}}]},"5":{"loc":{"start":{"line":104,"column":6},"end":{"line":104,"column":null}},"type":"if","locations":[{"start":{"line":104,"column":6},"end":{"line":104,"column":null}}]},"6":{"loc":{"start":{"line":105,"column":6},"end":{"line":105,"column":null}},"type":"if","locations":[{"start":{"line":105,"column":6},"end":{"line":105,"column":null}}]},"7":{"loc":{"start":{"line":122,"column":4},"end":{"line":125,"column":null}},"type":"if","locations":[{"start":{"line":122,"column":4},"end":{"line":125,"column":null}}]},"8":{"loc":{"start":{"line":145,"column":6},"end":{"line":146,"column":null}},"type":"if","locations":[{"start":{"line":145,"column":6},"end":{"line":146,"column":null}},{"start":{"line":146,"column":11},"end":{"line":146,"column":null}}]},"9":{"loc":{"start":{"line":165,"column":7},"end":{"line":168,"column":null}},"type":"if","locations":[{"start":{"line":165,"column":7},"end":{"line":168,"column":null}}]}},"s":{"0":2,"1":2,"2":2,"3":2,"4":2,"5":2,"6":2,"7":0,"8":0,"9":0,"10":0,"11":0,"12":0,"13":0,"14":0,"15":0,"16":0,"17":2,"18":1,"19":1,"20":1,"21":1,"22":1,"23":2,"24":2,"25":2,"26":2,"27":2,"28":1,"29":1,"30":1,"31":1,"32":1,"33":1,"34":1,"35":0,"36":0,"37":0,"38":0,"39":0,"40":0,"41":0,"42":0,"43":2,"44":7,"45":10,"46":10,"47":24,"48":24,"49":3,"50":24,"51":7,"52":7,"53":7,"54":2,"55":3,"56":3,"57":3,"58":3,"59":0,"60":3,"61":3,"62":3,"63":0,"64":0,"65":2,"66":1,"67":1,"68":1,"69":1,"70":0,"71":1,"72":1,"73":2,"74":3,"75":3,"76":3,"77":3,"78":3,"79":3,"80":14,"81":14,"82":3,"83":3,"84":3,"85":3,"86":3,"87":3,"88":0,"89":0,"90":2},"f":{"0":0,"1":1,"2":1,"3":7,"4":10,"5":3,"6":1,"7":1,"8":3},"b":{"0":[1],"1":[1],"2":[1,1],"3":[1],"4":[0,0],"5":[3],"6":[7],"7":[0],"8":[0,1],"9":[3]}}
,"D:\\gitwork\\auto-generate-md\\src\\commands\\mark-write-file.ts": {"path":"D:\\gitwork\\auto-generate-md\\src\\commands\\mark-write-file.ts","statementMap":{"0":{"start":{"line":2,"column":0},"end":{"line":2,"column":34}},"1":{"start":{"line":3,"column":0},"end":{"line":3,"column":39}},"2":{"start":{"line":5,"column":0},"end":{"line":5,"column":25}},"3":{"start":{"line":6,"column":0},"end":{"line":6,"column":37}},"4":{"start":{"line":7,"column":17},"end":{"line":7,"column":50}},"5":{"start":{"line":8,"column":14},"end":{"line":8,"column":47}},"6":{"start":{"line":9,"column":0},"end":{"line":9,"column":null}},"7":{"start":{"line":19,"column":2},"end":{"line":19,"column":null}},"8":{"start":{"line":21,"column":15},"end":{"line":21,"column":37}},"9":{"start":{"line":22,"column":2},"end":{"line":22,"column":null}},"10":{"start":{"line":23,"column":2},"end":{"line":45,"column":null}},"11":{"start":{"line":24,"column":4},"end":{"line":24,"column":27}},"12":{"start":{"line":24,"column":21},"end":{"line":24,"column":27}},"13":{"start":{"line":25,"column":4},"end":{"line":25,"column":null}},"14":{"start":{"line":27,"column":21},"end":{"line":27,"column":34}},"15":{"start":{"line":28,"column":4},"end":{"line":30,"column":null}},"16":{"start":{"line":29,"column":6},"end":{"line":29,"column":null}},"17":{"start":{"line":31,"column":4},"end":{"line":44,"column":null}},"18":{"start":{"line":33,"column":6},"end":{"line":43,"column":null}},"19":{"start":{"line":33,"column":23},"end":{"line":33,"column":24}},"20":{"start":{"line":34,"column":24},"end":{"line":34,"column":43}},"21":{"start":{"line":37,"column":8},"end":{"line":42,"column":null}},"22":{"start":{"line":39,"column":10},"end":{"line":39,"column":null}},"23":{"start":{"line":41,"column":10},"end":{"line":41,"column":null}},"24":{"start":{"line":18,"column":0},"end":{"line":18,"column":22}},"25":{"start":{"line":56,"column":19},"end":{"line":56,"column":46}},"26":{"start":{"line":57,"column":21},"end":{"line":57,"column":26}},"27":{"start":{"line":58,"column":24},"end":{"line":58,"column":56}},"28":{"start":{"line":59,"column":2},"end":{"line":65,"column":null}},"29":{"start":{"line":60,"column":4},"end":{"line":60,"column":44}},"30":{"start":{"line":60,"column":38},"end":{"line":60,"column":44}},"31":{"start":{"line":61,"column":4},"end":{"line":61,"column":null}},"32":{"start":{"line":62,"column":4},"end":{"line":62,"column":null}},"33":{"start":{"line":64,"column":4},"end":{"line":64,"column":null}},"34":{"start":{"line":55,"column":0},"end":{"line":55,"column":22}}},"fnMap":{"0":{"name":"markWriteFile","decl":{"start":{"line":18,"column":22},"end":{"line":18,"column":35}},"loc":{"start":{"line":18,"column":81},"end":{"line":46,"column":null}}},"1":{"name":"setDispFileNew","decl":{"start":{"line":55,"column":22},"end":{"line":55,"column":36}},"loc":{"start":{"line":55,"column":64},"end":{"line":66,"column":null}}}},"branchMap":{"0":{"loc":{"start":{"line":23,"column":2},"end":{"line":45,"column":null}},"type":"if","locations":[{"start":{"line":23,"column":2},"end":{"line":45,"column":null}}]},"1":{"loc":{"start":{"line":24,"column":4},"end":{"line":24,"column":27}},"type":"if","locations":[{"start":{"line":24,"column":4},"end":{"line":24,"column":27}}]},"2":{"loc":{"start":{"line":28,"column":4},"end":{"line":30,"column":null}},"type":"if","locations":[{"start":{"line":28,"column":4},"end":{"line":30,"column":null}}]},"3":{"loc":{"start":{"line":31,"column":4},"end":{"line":44,"column":null}},"type":"if","locations":[{"start":{"line":31,"column":4},"end":{"line":44,"column":null}}]},"4":{"loc":{"start":{"line":37,"column":8},"end":{"line":42,"column":null}},"type":"if","locations":[{"start":{"line":37,"column":8},"end":{"line":42,"column":null}},{"start":{"line":40,"column":15},"end":{"line":42,"column":null}}]},"5":{"loc":{"start":{"line":60,"column":4},"end":{"line":60,"column":44}},"type":"if","locations":[{"start":{"line":60,"column":4},"end":{"line":60,"column":44}}]}},"s":{"0":2,"1":2,"2":2,"3":2,"4":2,"5":2,"6":2,"7":5,"8":5,"9":5,"10":5,"11":5,"12":0,"13":5,"14":5,"15":5,"16":5,"17":5,"18":5,"19":5,"20":2,"21":2,"22":2,"23":0,"24":2,"25":6,"26":6,"27":6,"28":6,"29":6,"30":3,"31":3,"32":3,"33":0,"34":2},"f":{"0":5,"1":6},"b":{"0":[5],"1":[0],"2":[5],"3":[5],"4":[2,0],"5":[3]}}
,"D:\\gitwork\\auto-generate-md\\src\\commands\\rename-path.ts": {"path":"D:\\gitwork\\auto-generate-md\\src\\commands\\rename-path.ts","statementMap":{"0":{"start":{"line":2,"column":0},"end":{"line":2,"column":25}},"1":{"start":{"line":4,"column":0},"end":{"line":4,"column":34}},"2":{"start":{"line":5,"column":0},"end":{"line":5,"column":23}},"3":{"start":{"line":6,"column":0},"end":{"line":6,"column":37}},"4":{"start":{"line":7,"column":0},"end":{"line":7,"column":45}},"5":{"start":{"line":8,"column":14},"end":{"line":8,"column":43}},"6":{"start":{"line":9,"column":0},"end":{"line":9,"column":null}},"7":{"start":{"line":16,"column":2},"end":{"line":16,"column":null}},"8":{"start":{"line":20,"column":16},"end":{"line":20,"column":24}},"9":{"start":{"line":21,"column":2},"end":{"line":23,"column":null}},"10":{"start":{"line":22,"column":4},"end":{"line":22,"column":null}},"11":{"start":{"line":19,"column":0},"end":{"line":19,"column":16}},"12":{"start":{"line":30,"column":2},"end":{"line":30,"column":null}},"13":{"start":{"line":29,"column":0},"end":{"line":29,"column":16}},"14":{"start":{"line":39,"column":4},"end":{"line":46,"column":null}},"15":{"start":{"line":39,"column":21},"end":{"line":39,"column":22}},"16":{"start":{"line":40,"column":18},"end":{"line":40,"column":32}},"17":{"start":{"line":41,"column":6},"end":{"line":41,"column":28}},"18":{"start":{"line":42,"column":6},"end":{"line":45,"column":null}},"19":{"start":{"line":44,"column":8},"end":{"line":44,"column":null}},"20":{"start":{"line":48,"column":2},"end":{"line":48,"column":null}},"21":{"start":{"line":37,"column":0},"end":{"line":37,"column":22}},"22":{"start":{"line":57,"column":4},"end":{"line":68,"column":null}},"23":{"start":{"line":57,"column":21},"end":{"line":57,"column":22}},"24":{"start":{"line":58,"column":18},"end":{"line":58,"column":32}},"25":{"start":{"line":59,"column":6},"end":{"line":67,"column":null}},"26":{"start":{"line":61,"column":8},"end":{"line":61,"column":null}},"27":{"start":{"line":64,"column":8},"end":{"line":64,"column":null}},"28":{"start":{"line":66,"column":8},"end":{"line":66,"column":null}},"29":{"start":{"line":70,"column":2},"end":{"line":70,"column":null}},"30":{"start":{"line":55,"column":0},"end":{"line":55,"column":22}},"31":{"start":{"line":74,"column":20},"end":{"line":74,"column":25}},"32":{"start":{"line":75,"column":16},"end":{"line":75,"column":55}},"33":{"start":{"line":76,"column":17},"end":{"line":76,"column":35}},"34":{"start":{"line":77,"column":4},"end":{"line":92,"column":null}},"35":{"start":{"line":77,"column":21},"end":{"line":77,"column":22}},"36":{"start":{"line":78,"column":18},"end":{"line":78,"column":29}},"37":{"start":{"line":79,"column":6},"end":{"line":91,"column":null}},"38":{"start":{"line":80,"column":25},"end":{"line":80,"column":43}},"39":{"start":{"line":81,"column":8},"end":{"line":90,"column":null}},"40":{"start":{"line":83,"column":21},"end":{"line":83,"column":48}},"41":{"start":{"line":84,"column":26},"end":{"line":84,"column":43}},"42":{"start":{"line":87,"column":22},"end":{"line":87,"column":39}},"43":{"start":{"line":88,"column":10},"end":{"line":88,"column":null}},"44":{"start":{"line":89,"column":10},"end":{"line":89,"column":null}},"45":{"start":{"line":93,"column":4},"end":{"line":102,"column":null}},"46":{"start":{"line":94,"column":20},"end":{"line":94,"column":35}},"47":{"start":{"line":95,"column":6},"end":{"line":101,"column":null}},"48":{"start":{"line":97,"column":8},"end":{"line":97,"column":null}},"49":{"start":{"line":98,"column":9},"end":{"line":98,"column":null}},"50":{"start":{"line":100,"column":8},"end":{"line":100,"column":null}},"51":{"start":{"line":111,"column":17},"end":{"line":111,"column":47}},"52":{"start":{"line":112,"column":2},"end":{"line":112,"column":null}},"53":{"start":{"line":113,"column":17},"end":{"line":113,"column":32}},"54":{"start":{"line":114,"column":15},"end":{"line":114,"column":65}},"55":{"start":{"line":114,"column":37},"end":{"line":114,"column":64}},"56":{"start":{"line":115,"column":2},"end":{"line":122,"column":null}},"57":{"start":{"line":117,"column":4},"end":{"line":121,"column":null}},"58":{"start":{"line":118,"column":18},"end":{"line":118,"column":50}},"59":{"start":{"line":120,"column":6},"end":{"line":120,"column":null}},"60":{"start":{"line":110,"column":0},"end":{"line":110,"column":22}},"61":{"start":{"line":130,"column":32},"end":{"line":130,"column":35}},"62":{"start":{"line":131,"column":2},"end":{"line":137,"column":null}},"63":{"start":{"line":132,"column":4},"end":{"line":136,"column":null}},"64":{"start":{"line":132,"column":21},"end":{"line":132,"column":22}},"65":{"start":{"line":133,"column":18},"end":{"line":133,"column":38}},"66":{"start":{"line":135,"column":6},"end":{"line":135,"column":null}},"67":{"start":{"line":138,"column":2},"end":{"line":138,"column":null}},"68":{"start":{"line":139,"column":2},"end":{"line":139,"column":null}},"69":{"start":{"line":140,"column":2},"end":{"line":140,"column":null}},"70":{"start":{"line":129,"column":0},"end":{"line":129,"column":16}},"71":{"start":{"line":149,"column":32},"end":{"line":149,"column":35}},"72":{"start":{"line":150,"column":2},"end":{"line":164,"column":null}},"73":{"start":{"line":151,"column":4},"end":{"line":160,"column":null}},"74":{"start":{"line":153,"column":20},"end":{"line":153,"column":32}},"75":{"start":{"line":154,"column":6},"end":{"line":159,"column":null}},"76":{"start":{"line":154,"column":19},"end":{"line":154,"column":20}},"77":{"start":{"line":155,"column":20},"end":{"line":155,"column":28}},"78":{"start":{"line":156,"column":8},"end":{"line":156,"column":null}},"79":{"start":{"line":157,"column":8},"end":{"line":157,"column":null}},"80":{"start":{"line":158,"column":8},"end":{"line":158,"column":null}},"81":{"start":{"line":161,"column":4},"end":{"line":161,"column":null}},"82":{"start":{"line":162,"column":4},"end":{"line":162,"column":null}},"83":{"start":{"line":163,"column":4},"end":{"line":163,"column":null}},"84":{"start":{"line":148,"column":0},"end":{"line":148,"column":16}},"85":{"start":{"line":173,"column":17},"end":{"line":173,"column":47}},"86":{"start":{"line":174,"column":2},"end":{"line":183,"column":null}},"87":{"start":{"line":175,"column":19},"end":{"line":175,"column":34}},"88":{"start":{"line":176,"column":21},"end":{"line":176,"column":48}},"89":{"start":{"line":177,"column":15},"end":{"line":177,"column":55}},"90":{"start":{"line":177,"column":37},"end":{"line":177,"column":54}},"91":{"start":{"line":178,"column":4},"end":{"line":182,"column":null}},"92":{"start":{"line":179,"column":18},"end":{"line":179,"column":50}},"93":{"start":{"line":181,"column":6},"end":{"line":181,"column":null}},"94":{"start":{"line":172,"column":0},"end":{"line":172,"column":22}},"95":{"start":{"line":191,"column":17},"end":{"line":191,"column":42}},"96":{"start":{"line":192,"column":18},"end":{"line":192,"column":39}},"97":{"start":{"line":193,"column":2},"end":{"line":193,"column":null}},"98":{"start":{"line":194,"column":2},"end":{"line":194,"column":null}},"99":{"start":{"line":195,"column":18},"end":{"line":195,"column":26}},"100":{"start":{"line":196,"column":18},"end":{"line":196,"column":52}},"101":{"start":{"line":198,"column":19},"end":{"line":198,"column":40}},"102":{"start":{"line":199,"column":2},"end":{"line":207,"column":null}},"103":{"start":{"line":201,"column":4},"end":{"line":206,"column":null}},"104":{"start":{"line":203,"column":6},"end":{"line":203,"column":null}},"105":{"start":{"line":204,"column":6},"end":{"line":204,"column":30}},"106":{"start":{"line":205,"column":6},"end":{"line":205,"column":null}},"107":{"start":{"line":208,"column":2},"end":{"line":208,"column":null}},"108":{"start":{"line":209,"column":2},"end":{"line":221,"column":null}},"109":{"start":{"line":210,"column":18},"end":{"line":210,"column":40}},"110":{"start":{"line":211,"column":4},"end":{"line":216,"column":null}},"111":{"start":{"line":212,"column":8},"end":{"line":212,"column":null}},"112":{"start":{"line":213,"column":8},"end":{"line":213,"column":null}},"113":{"start":{"line":215,"column":6},"end":{"line":215,"column":null}},"114":{"start":{"line":217,"column":4},"end":{"line":217,"column":null}},"115":{"start":{"line":218,"column":4},"end":{"line":218,"column":null}},"116":{"start":{"line":220,"column":4},"end":{"line":220,"column":null}},"117":{"start":{"line":190,"column":0},"end":{"line":190,"column":22}}},"fnMap":{"0":{"name":"fistLetterLower","decl":{"start":{"line":15,"column":9},"end":{"line":15,"column":24}},"loc":{"start":{"line":15,"column":45},"end":{"line":17,"column":1}}},"1":{"name":"toKebabCase","decl":{"start":{"line":19,"column":16},"end":{"line":19,"column":27}},"loc":{"start":{"line":19,"column":39},"end":{"line":24,"column":1}}},"2":{"name":"(anonymous_10)","decl":{"start":{"line":21,"column":45},"end":{"line":21,"column":46}},"loc":{"start":{"line":21,"column":62},"end":{"line":23,"column":3}}},"3":{"name":"checkCamelFile","decl":{"start":{"line":29,"column":16},"end":{"line":29,"column":30}},"loc":{"start":{"line":29,"column":47},"end":{"line":31,"column":1}}},"4":{"name":"renameFoldPath","decl":{"start":{"line":37,"column":22},"end":{"line":37,"column":36}},"loc":{"start":{"line":37,"column":54},"end":{"line":49,"column":null}}},"5":{"name":"getNode","decl":{"start":{"line":38,"column":17},"end":{"line":38,"column":24}},"loc":{"start":{"line":38,"column":44},"end":{"line":47,"column":null}}},"6":{"name":"renameFilePath","decl":{"start":{"line":55,"column":22},"end":{"line":55,"column":36}},"loc":{"start":{"line":55,"column":54},"end":{"line":71,"column":null}}},"7":{"name":"getNode","decl":{"start":{"line":56,"column":17},"end":{"line":56,"column":24}},"loc":{"start":{"line":56,"column":44},"end":{"line":69,"column":null}}},"8":{"name":"rewriteFile","decl":{"start":{"line":73,"column":16},"end":{"line":73,"column":27}},"loc":{"start":{"line":73,"column":42},"end":{"line":103,"column":null}}},"9":{"name":"renameFold","decl":{"start":{"line":110,"column":22},"end":{"line":110,"column":32}},"loc":{"start":{"line":110,"column":47},"end":{"line":123,"column":null}}},"10":{"name":"(anonymous_24)","decl":{"start":{"line":114,"column":27},"end":{"line":114,"column":28}},"loc":{"start":{"line":114,"column":37},"end":{"line":114,"column":64}}},"11":{"name":"changePathFold","decl":{"start":{"line":129,"column":16},"end":{"line":129,"column":30}},"loc":{"start":{"line":129,"column":89},"end":{"line":141,"column":1}}},"12":{"name":"changePathName","decl":{"start":{"line":148,"column":16},"end":{"line":148,"column":30}},"loc":{"start":{"line":148,"column":89},"end":{"line":165,"column":1}}},"13":{"name":"renameFile","decl":{"start":{"line":172,"column":22},"end":{"line":172,"column":32}},"loc":{"start":{"line":172,"column":47},"end":{"line":184,"column":null}}},"14":{"name":"(anonymous_29)","decl":{"start":{"line":177,"column":27},"end":{"line":177,"column":28}},"loc":{"start":{"line":177,"column":37},"end":{"line":177,"column":54}}},"15":{"name":"replaceName","decl":{"start":{"line":190,"column":22},"end":{"line":190,"column":33}},"loc":{"start":{"line":190,"column":50},"end":{"line":222,"column":null}}}},"branchMap":{"0":{"loc":{"start":{"line":30,"column":9},"end":{"line":30,"column":68}},"type":"binary-expr","locations":[{"start":{"line":30,"column":9},"end":{"line":30,"column":40}},{"start":{"line":30,"column":44},"end":{"line":30,"column":68}}]},"1":{"loc":{"start":{"line":42,"column":6},"end":{"line":45,"column":null}},"type":"if","locations":[{"start":{"line":42,"column":6},"end":{"line":45,"column":null}}]},"2":{"loc":{"start":{"line":59,"column":6},"end":{"line":67,"column":null}},"type":"if","locations":[{"start":{"line":59,"column":6},"end":{"line":67,"column":null}},{"start":{"line":62,"column":13},"end":{"line":67,"column":null}}]},"3":{"loc":{"start":{"line":79,"column":6},"end":{"line":91,"column":null}},"type":"if","locations":[{"start":{"line":79,"column":6},"end":{"line":91,"column":null}}]},"4":{"loc":{"start":{"line":81,"column":8},"end":{"line":90,"column":null}},"type":"if","locations":[{"start":{"line":81,"column":8},"end":{"line":90,"column":null}}]},"5":{"loc":{"start":{"line":93,"column":4},"end":{"line":102,"column":null}},"type":"if","locations":[{"start":{"line":93,"column":4},"end":{"line":102,"column":null}}]},"6":{"loc":{"start":{"line":115,"column":2},"end":{"line":122,"column":null}},"type":"if","locations":[{"start":{"line":115,"column":2},"end":{"line":122,"column":null}}]},"7":{"loc":{"start":{"line":115,"column":6},"end":{"line":115,"column":39}},"type":"binary-expr","locations":[{"start":{"line":115,"column":6},"end":{"line":115,"column":11}},{"start":{"line":115,"column":15},"end":{"line":115,"column":39}}]},"8":{"loc":{"start":{"line":117,"column":4},"end":{"line":121,"column":null}},"type":"if","locations":[{"start":{"line":117,"column":4},"end":{"line":121,"column":null}}]},"9":{"loc":{"start":{"line":131,"column":2},"end":{"line":137,"column":null}},"type":"if","locations":[{"start":{"line":131,"column":2},"end":{"line":137,"column":null}}]},"10":{"loc":{"start":{"line":150,"column":2},"end":{"line":164,"column":null}},"type":"if","locations":[{"start":{"line":150,"column":2},"end":{"line":164,"column":null}}]},"11":{"loc":{"start":{"line":151,"column":4},"end":{"line":160,"column":null}},"type":"if","locations":[{"start":{"line":151,"column":4},"end":{"line":160,"column":null}}]},"12":{"loc":{"start":{"line":174,"column":2},"end":{"line":183,"column":null}},"type":"if","locations":[{"start":{"line":174,"column":2},"end":{"line":183,"column":null}}]},"13":{"loc":{"start":{"line":178,"column":4},"end":{"line":182,"column":null}},"type":"if","locations":[{"start":{"line":178,"column":4},"end":{"line":182,"column":null}}]},"14":{"loc":{"start":{"line":199,"column":2},"end":{"line":207,"column":null}},"type":"if","locations":[{"start":{"line":199,"column":2},"end":{"line":207,"column":null}}]},"15":{"loc":{"start":{"line":201,"column":4},"end":{"line":206,"column":null}},"type":"if","locations":[{"start":{"line":201,"column":4},"end":{"line":206,"column":null}}]},"16":{"loc":{"start":{"line":211,"column":4},"end":{"line":216,"column":null}},"type":"if","locations":[{"start":{"line":211,"column":4},"end":{"line":216,"column":null}},{"start":{"line":214,"column":11},"end":{"line":216,"column":null}}]}},"s":{"0":1,"1":1,"2":1,"3":1,"4":1,"5":1,"6":1,"7":6,"8":6,"9":6,"10":10,"11":1,"12":6,"13":1,"14":2,"15":2,"16":3,"17":3,"18":3,"19":1,"20":1,"21":1,"22":3,"23":3,"24":3,"25":3,"26":2,"27":1,"28":1,"29":1,"30":1,"31":1,"32":1,"33":1,"34":1,"35":1,"36":4,"37":4,"38":1,"39":1,"40":0,"41":0,"42":0,"43":0,"44":0,"45":1,"46":0,"47":0,"48":0,"49":0,"50":0,"51":3,"52":3,"53":3,"54":3,"55":6,"56":3,"57":2,"58":2,"59":2,"60":1,"61":6,"62":6,"63":2,"64":2,"65":3,"66":3,"67":6,"68":6,"69":6,"70":1,"71":2,"72":2,"73":2,"74":2,"75":2,"76":2,"77":2,"78":2,"79":2,"80":2,"81":2,"82":2,"83":2,"84":1,"85":1,"86":1,"87":1,"88":1,"89":1,"90":2,"91":1,"92":1,"93":1,"94":1,"95":4,"96":4,"97":4,"98":4,"99":4,"100":4,"101":4,"102":4,"103":3,"104":0,"105":0,"106":0,"107":4,"108":4,"109":4,"110":4,"111":4,"112":4,"113":0,"114":4,"115":4,"116":0,"117":1},"f":{"0":6,"1":6,"2":10,"3":6,"4":1,"5":2,"6":1,"7":3,"8":1,"9":3,"10":6,"11":6,"12":2,"13":1,"14":2,"15":4},"b":{"0":[6,2],"1":[1],"2":[2,1],"3":[1],"4":[0],"5":[0],"6":[2],"7":[3,3],"8":[2],"9":[2],"10":[2],"11":[2],"12":[1],"13":[1],"14":[3],"15":[0],"16":[4,0]}}
,"D:\\gitwork\\auto-generate-md\\src\\shared\\logger.ts": {"path":"D:\\gitwork\\auto-generate-md\\src\\shared\\logger.ts","statementMap":{"0":{"start":{"line":2,"column":0},"end":{"line":2,"column":72}},"1":{"start":{"line":4,"column":15},"end":{"line":17,"column":2}},"2":{"start":{"line":6,"column":4},"end":{"line":6,"column":42}},"3":{"start":{"line":9,"column":4},"end":{"line":9,"column":43}},"4":{"start":{"line":12,"column":4},"end":{"line":12,"column":44}},"5":{"start":{"line":15,"column":4},"end":{"line":15,"column":42}},"6":{"start":{"line":19,"column":0},"end":{"line":19,"column":22}}},"fnMap":{"0":{"name":"(anonymous_0)","decl":{"start":{"line":5,"column":2},"end":{"line":5,"column":6}},"loc":{"start":{"line":5,"column":19},"end":{"line":7,"column":3}}},"1":{"name":"(anonymous_1)","decl":{"start":{"line":8,"column":2},"end":{"line":8,"column":9}},"loc":{"start":{"line":8,"column":22},"end":{"line":10,"column":3}}},"2":{"name":"(anonymous_2)","decl":{"start":{"line":11,"column":2},"end":{"line":11,"column":6}},"loc":{"start":{"line":11,"column":19},"end":{"line":13,"column":3}}},"3":{"name":"(anonymous_3)","decl":{"start":{"line":14,"column":2},"end":{"line":14,"column":7}},"loc":{"start":{"line":14,"column":20},"end":{"line":16,"column":3}}}},"branchMap":{},"s":{"0":6,"1":6,"2":7,"3":1,"4":0,"5":0,"6":6},"f":{"0":7,"1":1,"2":0,"3":0},"b":{}}
,"D:\\gitwork\\auto-generate-md\\test\\nodes.ts": {"path":"D:\\gitwork\\auto-generate-md\\test\\nodes.ts","statementMap":{"0":{"start":{"line":1,"column":17},"end":{"line":1,"column":50}},"1":{"start":{"line":2,"column":13},"end":{"line":42,"column":null}},"2":{"start":{"line":44,"column":13},"end":{"line":65,"column":null}},"3":{"start":{"line":67,"column":13},"end":{"line":79,"column":null}},"4":{"start":{"line":81,"column":13},"end":{"line":105,"column":null}},"5":{"start":{"line":107,"column":15},"end":{"line":159,"column":null}},"6":{"start":{"line":161,"column":17},"end":{"line":175,"column":null}},"7":{"start":{"line":177,"column":13},"end":{"line":215,"column":null}}},"fnMap":{},"branchMap":{},"s":{"0":4,"1":4,"2":4,"3":4,"4":4,"5":4,"6":4,"7":4},"f":{},"b":{}}
,"D:\\gitwork\\auto-generate-md\\test\\utils.ts": {"path":"D:\\gitwork\\auto-generate-md\\test\\utils.ts","statementMap":{"0":{"start":{"line":2,"column":0},"end":{"line":2,"column":19}},"1":{"start":{"line":3,"column":0},"end":{"line":3,"column":34}},"2":{"start":{"line":4,"column":17},"end":{"line":4,"column":50}},"3":{"start":{"line":5,"column":14},"end":{"line":5,"column":37}},"4":{"start":{"line":6,"column":0},"end":{"line":6,"column":null}},"5":{"start":{"line":9,"column":14},"end":{"line":12,"column":null}},"6":{"start":{"line":13,"column":2},"end":{"line":13,"column":null}},"7":{"start":{"line":8,"column":0},"end":{"line":8,"column":16}},"8":{"start":{"line":17,"column":14},"end":{"line":19,"column":null}},"9":{"start":{"line":20,"column":2},"end":{"line":20,"column":null}},"10":{"start":{"line":16,"column":0},"end":{"line":16,"column":16}},"11":{"start":{"line":24,"column":15},"end":{"line":24,"column":68}},"12":{"start":{"line":25,"column":14},"end":{"line":34,"column":null}},"13":{"start":{"line":35,"column":2},"end":{"line":39,"column":null}},"14":{"start":{"line":36,"column":4},"end":{"line":36,"column":null}},"15":{"start":{"line":38,"column":4},"end":{"line":38,"column":null}},"16":{"start":{"line":23,"column":0},"end":{"line":23,"column":16}}},"fnMap":{"0":{"name":"creatFile","decl":{"start":{"line":8,"column":16},"end":{"line":8,"column":25}},"loc":{"start":{"line":8,"column":38},"end":{"line":14,"column":1}}},"1":{"name":"creatFileNoimport","decl":{"start":{"line":16,"column":16},"end":{"line":16,"column":33}},"loc":{"start":{"line":16,"column":46},"end":{"line":21,"column":1}}},"2":{"name":"setFile","decl":{"start":{"line":23,"column":16},"end":{"line":23,"column":23}},"loc":{"start":{"line":23,"column":23},"end":{"line":40,"column":1}}}},"branchMap":{},"s":{"0":3,"1":3,"2":3,"3":3,"4":3,"5":8,"6":8,"7":3,"8":2,"9":2,"10":3,"11":0,"12":0,"13":0,"14":0,"15":0,"16":3},"f":{"0":8,"1":2,"2":0},"b":{}}
}
