TN:
SF:src\commands\change-path.ts
FN:14,changePath
FN:15,getNode
FN:34,getRelatPath
FN:50,makeSuffix
FN:84,getImportName
FN:98,(anonymous_15)
FN:120,changeImport
FN:146,witeFile
FN:182,wirteJsNodes
FNF:9
FNH:6
FNDA:0,changePath
FNDA:0,getNode
FNDA:6,getRelatPath
FNDA:6,makeSuffix
FNDA:8,getImportName
FNDA:72,(anonymous_15)
FNDA:6,changeImport
FNDA:1,witeFile
FNDA:0,wirteJsNodes
DA:3,3
DA:4,3
DA:5,3
DA:6,3
DA:7,3
DA:8,3
DA:14,3
DA:16,0
DA:17,0
DA:18,0
DA:19,0
DA:22,0
DA:26,0
DA:34,3
DA:35,6
DA:36,6
DA:37,6
DA:38,3
DA:40,6
DA:50,3
DA:51,6
DA:53,6
DA:54,4
DA:55,4
DA:57,2
DA:59,6
DA:60,6
DA:61,6
DA:63,6
DA:64,5
DA:66,5
DA:67,5
DA:68,14
DA:69,14
DA:71,5
DA:72,5
DA:73,5
DA:77,6
DA:84,3
DA:85,8
DA:87,8
DA:98,72
DA:100,8
DA:106,8
DA:107,7
DA:109,7
DA:111,8
DA:120,3
DA:121,6
DA:126,6
DA:127,6
DA:129,5
DA:130,5
DA:132,5
DA:133,5
DA:135,5
DA:136,5
DA:138,6
DA:146,3
DA:147,1
DA:148,1
DA:149,1
DA:150,1
DA:151,1
DA:152,1
DA:153,6
DA:154,6
DA:155,1
DA:159,1
DA:160,1
DA:161,1
DA:162,1
DA:166,1
DA:167,1
DA:169,1
DA:170,1
DA:173,0
DA:182,3
DA:183,0
DA:184,0
DA:186,0
DA:187,0
LF:82
LH:71
BRDA:18,0,0,0
BRDA:18,0,1,0
BRDA:37,1,0,3
BRDA:53,2,0,4
BRDA:53,2,1,2
BRDA:63,3,0,5
BRDA:69,4,0,5
BRDA:106,5,0,7
BRDA:106,6,0,8
BRDA:106,6,1,8
BRDA:106,6,2,7
BRDA:109,7,0,7
BRDA:109,8,0,7
BRDA:109,8,1,7
BRDA:127,9,0,5
BRDA:154,10,0,1
BRDA:154,11,0,6
BRDA:154,11,1,1
BRDA:159,12,0,1
BRDA:166,13,0,1
BRF:20
BRH:18
end_of_record
TN:
SF:src\commands\get-file.ts
FN:15,getFile
FN:40,getImport
FN:43,(anonymous_3)
FN:77,getFileNodes
FN:113,(anonymous_5)
FN:126,(anonymous_6)
FN:135,(anonymous_7)
FN:167,getNote
FN:169,(anonymous_9)
FN:187,setMd
FNF:10
FNH:10
FNDA:3,getFile
FNDA:4,getImport
FNDA:36,(anonymous_3)
FNDA:1,getFileNodes
FNDA:2,(anonymous_5)
FNDA:1,(anonymous_6)
FNDA:32,(anonymous_7)
FNDA:1,getNote
FNDA:2,(anonymous_9)
FNDA:2,setMd
DA:2,1
DA:3,1
DA:4,1
DA:5,1
DA:6,1
DA:7,1
DA:8,1
DA:9,1
DA:15,1
DA:16,3
DA:17,3
DA:18,3
DA:19,3
DA:20,3
DA:22,3
DA:26,3
DA:40,1
DA:42,4
DA:43,4
DA:44,36
DA:45,4
DA:46,4
DA:47,3
DA:52,4
DA:77,1
DA:84,1
DA:105,1
DA:106,1
DA:107,0
DA:108,0
DA:111,1
DA:114,2
DA:115,2
DA:116,2
DA:127,1
DA:128,1
DA:129,1
DA:130,0
DA:132,1
DA:133,2
DA:135,32
DA:136,2
DA:137,2
DA:138,2
DA:139,2
DA:141,0
DA:142,0
DA:143,0
DA:145,2
DA:146,2
DA:148,2
DA:149,2
DA:150,2
DA:151,2
DA:152,2
DA:153,2
DA:158,1
DA:167,1
DA:168,1
DA:169,1
DA:170,2
DA:171,2
DA:173,0
DA:175,2
DA:176,2
DA:178,1
DA:188,2
DA:189,2
DA:190,2
DA:191,2
DA:192,0
DA:194,2
DA:196,2
LF:73
LH:65
BRDA:22,0,0,3
BRDA:22,0,1,0
BRDA:22,1,0,3
BRDA:22,1,1,3
BRDA:22,1,2,3
BRDA:22,1,3,1
BRDA:44,2,0,4
BRDA:46,3,0,3
BRDA:78,4,0,0
BRDA:80,5,0,1
BRDA:81,6,0,1
BRDA:105,7,0,0
BRDA:105,7,1,1
BRDA:106,8,0,0
BRDA:107,9,0,0
BRDA:107,9,1,0
BRDA:108,10,0,0
BRDA:108,10,1,0
BRDA:127,11,0,0
BRDA:127,12,0,1
BRDA:127,12,1,1
BRDA:128,13,0,0
BRDA:128,14,0,1
BRDA:128,14,1,0
BRDA:129,15,0,1
BRDA:129,16,0,1
BRDA:129,16,1,0
BRDA:129,16,2,1
BRDA:129,16,3,1
BRDA:136,17,0,2
BRDA:139,18,0,0
BRDA:139,18,1,2
BRDA:148,19,0,2
BRDA:168,20,0,1
BRDA:168,20,1,1
BRDA:171,21,0,0
BRDA:190,22,0,1
BRDA:190,22,1,1
BRDA:191,23,0,0
BRDA:191,23,1,2
BRF:40
BRH:25
end_of_record
TN:
SF:src\commands\get-router.ts
FN:13,getRouterFilePath
FN:16,finder
FN:18,(anonymous_3)
FN:33,getAllRouter
FN:47,getRouter
FN:81,getRouterArrs
FNF:6
FNH:5
FNDA:2,getRouterFilePath
FNDA:4,finder
FNDA:6,(anonymous_3)
FNDA:1,getAllRouter
FNDA:3,getRouter
FNDA:0,getRouterArrs
DA:1,1
DA:2,1
DA:3,1
DA:4,1
DA:5,1
DA:6,1
DA:7,1
DA:13,1
DA:14,2
DA:15,2
DA:17,4
DA:18,4
DA:19,6
DA:20,6
DA:21,6
DA:22,6
DA:25,2
DA:26,2
DA:33,1
DA:34,1
DA:35,1
DA:36,1
DA:37,2
DA:38,2
DA:39,2
DA:41,1
DA:47,1
DA:48,3
DA:49,3
DA:50,3
DA:51,3
DA:52,3
DA:53,3
DA:54,119
DA:55,119
DA:57,119
DA:58,119
DA:59,119
DA:60,12
DA:63,119
DA:64,119
DA:65,119
DA:66,7
DA:70,7
DA:74,3
DA:81,1
DA:82,0
DA:83,0
DA:84,0
DA:85,0
DA:88,0
DA:95,0
DA:96,0
DA:97,0
DA:99,0
LF:55
LH:46
BRDA:21,0,0,2
BRDA:22,1,0,4
BRDA:50,2,0,3
BRDA:55,3,0,0
BRDA:59,4,0,12
BRDA:65,5,0,7
BRDA:84,6,0,0
BRDA:84,6,1,0
BRDA:95,7,0,0
BRF:9
BRH:5
end_of_record
TN:
SF:src\commands\mark-file.ts
FN:24,markFile
FN:45,witeMarkFile
FN:64,setNodeMark
FN:99,findNodes
FN:101,find
FN:118,setmark
FN:141,deletMarkAll
FN:142,find
FN:158,deletMark
FNF:9
FNH:8
FNDA:0,markFile
FNDA:1,witeMarkFile
FNDA:1,setNodeMark
FNDA:7,findNodes
FNDA:10,find
FNDA:3,setmark
FNDA:1,deletMarkAll
FNDA:1,find
FNDA:3,deletMark
DA:2,2
DA:4,2
DA:5,2
DA:6,2
DA:7,2
DA:8,2
DA:9,2
DA:24,2
DA:25,0
DA:26,0
DA:27,0
DA:28,0
DA:29,0
DA:30,0
DA:32,0
DA:34,0
DA:45,2
DA:46,1
DA:47,1
DA:49,1
DA:50,2
DA:51,2
DA:53,2
DA:55,2
DA:64,2
DA:65,1
DA:68,1
DA:69,1
DA:71,1
DA:74,1
DA:76,1
DA:77,0
DA:79,0
DA:80,0
DA:81,0
DA:83,0
DA:85,0
DA:87,0
DA:99,2
DA:100,7
DA:102,10
DA:103,24
DA:104,24
DA:105,24
DA:108,7
DA:109,7
DA:118,2
DA:119,3
DA:120,3
DA:121,3
DA:122,3
DA:124,0
DA:127,3
DA:128,3
DA:129,3
DA:131,0
DA:132,0
DA:141,2
DA:143,1
DA:144,1
DA:145,1
DA:146,1
DA:149,1
DA:158,2
DA:159,3
DA:160,3
DA:161,3
DA:162,3
DA:163,3
DA:164,14
DA:165,14
DA:166,3
DA:167,3
DA:170,3
DA:171,3
DA:172,3
DA:173,3
DA:175,0
DA:177,0
LF:79
LH:59
BRDA:69,0,0,1
BRDA:74,1,0,1
BRDA:74,2,0,1
BRDA:74,2,1,1
BRDA:76,3,0,1
BRDA:83,4,0,0
BRDA:83,4,1,0
BRDA:104,5,0,3
BRDA:105,6,0,7
BRDA:122,7,0,0
BRDA:145,8,0,0
BRDA:145,8,1,1
BRDA:165,9,0,3
BRF:13
BRH:9
end_of_record
TN:
SF:src\commands\mark-write-file.ts
FN:18,markWriteFile
FN:55,setDispFileNew
FNF:2
FNH:2
FNDA:5,markWriteFile
FNDA:6,setDispFileNew
DA:2,2
DA:3,2
DA:5,2
DA:6,2
DA:7,2
DA:8,2
DA:9,2
DA:18,2
DA:19,5
DA:21,5
DA:22,5
DA:23,5
DA:24,5
DA:25,5
DA:27,5
DA:28,5
DA:29,5
DA:31,5
DA:33,5
DA:34,2
DA:37,2
DA:39,2
DA:41,0
DA:55,2
DA:56,6
DA:57,6
DA:58,6
DA:59,6
DA:60,6
DA:61,3
DA:62,3
DA:64,0
LF:32
LH:30
BRDA:23,0,0,5
BRDA:24,1,0,0
BRDA:28,2,0,5
BRDA:31,3,0,5
BRDA:37,4,0,2
BRDA:37,4,1,0
BRDA:60,5,0,3
BRF:7
BRH:5
end_of_record
TN:
SF:src\commands\rename-path.ts
FN:15,fistLetterLower
FN:19,toKebabCase
FN:21,(anonymous_10)
FN:29,checkCamelFile
FN:37,renameFoldPath
FN:38,getNode
FN:55,renameFilePath
FN:56,getNode
FN:73,rewriteFile
FN:110,renameFold
FN:114,(anonymous_24)
FN:129,changePathFold
FN:148,changePathName
FN:172,renameFile
FN:177,(anonymous_29)
FN:190,replaceName
FNF:16
FNH:16
FNDA:6,fistLetterLower
FNDA:6,toKebabCase
FNDA:10,(anonymous_10)
FNDA:6,checkCamelFile
FNDA:1,renameFoldPath
FNDA:2,getNode
FNDA:1,renameFilePath
FNDA:3,getNode
FNDA:1,rewriteFile
FNDA:3,renameFold
FNDA:6,(anonymous_24)
FNDA:6,changePathFold
FNDA:2,changePathName
FNDA:1,renameFile
FNDA:2,(anonymous_29)
FNDA:4,replaceName
DA:2,1
DA:4,1
DA:5,1
DA:6,1
DA:7,1
DA:8,1
DA:9,1
DA:16,6
DA:19,1
DA:20,6
DA:21,6
DA:22,10
DA:29,1
DA:30,6
DA:37,1
DA:39,2
DA:40,3
DA:41,3
DA:42,3
DA:44,1
DA:48,1
DA:55,1
DA:57,3
DA:58,3
DA:59,3
DA:61,2
DA:64,1
DA:66,1
DA:70,1
DA:74,1
DA:75,1
DA:76,1
DA:77,1
DA:78,4
DA:79,4
DA:80,1
DA:81,1
DA:83,0
DA:84,0
DA:87,0
DA:88,0
DA:89,0
DA:93,1
DA:94,0
DA:95,0
DA:97,0
DA:98,0
DA:100,0
DA:110,1
DA:111,3
DA:112,3
DA:113,3
DA:114,6
DA:115,3
DA:117,2
DA:118,2
DA:120,2
DA:129,1
DA:130,6
DA:131,6
DA:132,2
DA:133,3
DA:135,3
DA:138,6
DA:139,6
DA:140,6
DA:148,1
DA:149,2
DA:150,2
DA:151,2
DA:153,2
DA:154,2
DA:155,2
DA:156,2
DA:157,2
DA:158,2
DA:161,2
DA:162,2
DA:163,2
DA:172,1
DA:173,1
DA:174,1
DA:175,1
DA:176,1
DA:177,2
DA:178,1
DA:179,1
DA:181,1
DA:190,1
DA:191,4
DA:192,4
DA:193,4
DA:194,4
DA:195,4
DA:196,4
DA:198,4
DA:199,4
DA:201,3
DA:203,0
DA:204,0
DA:205,0
DA:208,4
DA:209,4
DA:210,4
DA:211,4
DA:212,4
DA:213,4
DA:215,0
DA:217,4
DA:218,4
DA:220,0
LF:111
LH:96
BRDA:30,0,0,6
BRDA:30,0,1,2
BRDA:42,1,0,1
BRDA:59,2,0,2
BRDA:59,2,1,1
BRDA:79,3,0,1
BRDA:81,4,0,0
BRDA:93,5,0,0
BRDA:115,6,0,2
BRDA:115,7,0,3
BRDA:115,7,1,3
BRDA:117,8,0,2
BRDA:131,9,0,2
BRDA:150,10,0,2
BRDA:151,11,0,2
BRDA:174,12,0,1
BRDA:178,13,0,1
BRDA:199,14,0,3
BRDA:201,15,0,0
BRDA:211,16,0,4
BRDA:211,16,1,0
BRF:21
BRH:17
end_of_record
TN:
SF:src\shared\logger.ts
FN:5,(anonymous_0)
FN:8,(anonymous_1)
FN:11,(anonymous_2)
FN:14,(anonymous_3)
FNF:4
FNH:2
FNDA:7,(anonymous_0)
FNDA:1,(anonymous_1)
FNDA:0,(anonymous_2)
FNDA:0,(anonymous_3)
DA:2,6
DA:4,6
DA:6,7
DA:9,1
DA:12,0
DA:15,0
DA:19,6
LF:7
LH:5
BRF:0
BRH:0
end_of_record
TN:
SF:test\nodes.ts
FNF:0
FNH:0
DA:1,4
DA:2,4
DA:44,4
DA:67,4
DA:81,4
DA:107,4
DA:161,4
DA:177,4
LF:8
LH:8
BRF:0
BRH:0
end_of_record
TN:
SF:test\utils.ts
FN:8,creatFile
FN:16,creatFileNoimport
FN:23,setFile
FNF:3
FNH:2
FNDA:8,creatFile
FNDA:2,creatFileNoimport
FNDA:0,setFile
DA:2,3
DA:3,3
DA:4,3
DA:5,3
DA:6,3
DA:8,3
DA:9,8
DA:13,8
DA:16,3
DA:17,2
DA:20,2
DA:23,3
DA:24,0
DA:25,0
DA:35,0
DA:36,0
DA:38,0
LF:17
LH:12
BRF:0
BRH:0
end_of_record
